<?xml version="1.0" encoding="utf-8"?><testsuites name="pytest tests"><testsuite name="pytest" errors="0" failures="0" skipped="0" tests="7" time="3.643" timestamp="2026-07-28T19:52:29.542132+00:00" hostname="agent-env-355b6705-772a-4dd0-9a02-345f5ec1cf73"><testcase classname="tests.test_dukkanim_api" name="test_login_success" time="0.477" /><testcase classname="tests.test_dukkanim_api" name="test_login_wrong_password" time="0.365" /><testcase classname="tests.test_dukkanim_api" name="test_products_requires_auth" time="0.109" /><testcase classname="tests.test_dukkanim_api" name="test_auth_me" time="0.673" /><testcase classname="tests.test_dukkanim_api" name="test_list_products_seeded" time="0.173" /><testcase classname="tests.test_dukkanim_api" name="test_product_create_get_update_delete" time="0.743" /><testcase classname="tests.test_dukkanim_api" name="test_csv_import" time="0.569" /></testsuite></testsuites>